# JRE version: OpenJDK Runtime Environment Microsoft-13106358 (17.0.18+8) (build 17.0.18+8-LTS)
# Java VM: OpenJDK 64-Bit Server VM Microsoft-13106358 (17.0.18+8-LTS, mixed mode, sharing, tiered, compressed oops, compressed class ptrs, g1 gc, windows-amd64)
GC Precious Log:
 CPUs: 8 total, 8 available
 Memory: 7975M
 Large Page Support: Disabled
 NUMA Support: Disabled
 Compressed Oops: Enabled (Zero based)
 Heap Region Size: 4M
 Heap Min Capacity: 8M
 Heap Initial Capacity: 128M
 Heap Max Capacity: 8G
 Pre-touch: Disabled
 Parallel Workers: 8
 Concurrent Workers: 2
 Concurrent Refinement Workers: 8
 Periodic GC: Disabled
Heap:
 garbage-first heap   total 1683456K, used 644679K [0x0000000600000000, 0x0000000800000000)
  region size 4096K, 49 young (200704K), 4 survivors (16384K)
 Metaspace       used 209745K, committed 211904K, reserved 1245184K
  class space    used 26553K, committed 27584K, reserved 1048576K
GC Heap History (20 events):
Event: 1223.432 GC heap before
{Heap before GC invocations=56 (full 0):
 garbage-first heap   total 757760K, used 596455K [0x0000000600000000, 0x0000000800000000)
  region size 4096K, 79 young (323584K), 8 survivors (32768K)
 Metaspace       used 188459K, committed 190208K, reserved 1245184K
  class space    used 23990K, committed 24832K, reserved 1048576K
}
Event: 1224.186 GC heap after
{Heap after GC invocations=57 (full 0):
 garbage-first heap   total 757760K, used 321581K [0x0000000600000000, 0x0000000800000000)
  region size 4096K, 5 young (20480K), 5 survivors (20480K)
 Metaspace       used 188459K, committed 190208K, reserved 1245184K
  class space    used 23990K, committed 24832K, reserved 1048576K
}
Event: 1224.272 GC heap before
{Heap before GC invocations=57 (full 0):
 garbage-first heap   total 757760K, used 333869K [0x0000000600000000, 0x0000000800000000)
  region size 4096K, 9 young (36864K), 5 survivors (20480K)
 Metaspace       used 188459K, committed 190208K, reserved 1245184K
  class space    used 23990K, committed 24832K, reserved 1048576K
}
Event: 1224.308 GC heap after
{Heap after GC invocations=58 (full 0):
 garbage-first heap   total 757760K, used 323048K [0x0000000600000000, 0x0000000800000000)
  region size 4096K, 2 young (8192K), 2 survivors (8192K)
 Metaspace       used 188459K, committed 190208K, reserved 1245184K
  class space    used 23990K, committed 24832K, reserved 1048576K
}
Event: 1226.651 GC heap before
{Heap before GC invocations=58 (full 0):
 garbage-first heap   total 757760K, used 544232K [0x0000000600000000, 0x0000000800000000)
  region size 4096K, 57 young (233472K), 2 survivors (8192K)
 Metaspace       used 188744K, committed 190528K, reserved 1245184K
  class space    used 24009K, committed 24896K, reserved 1048576K
}
Event: 1226.678 GC heap after
{Heap after GC invocations=59 (full 0):
 garbage-first heap   total 1683456K, used 327490K [0x0000000600000000, 0x0000000800000000)
  region size 4096K, 3 young (12288K), 3 survivors (12288K)
 Metaspace       used 188744K, committed 190528K, reserved 1245184K
  class space    used 24009K, committed 24896K, reserved 1048576K
}
Event: 1231.852 GC heap before
{Heap before GC invocations=59 (full 0):
 garbage-first heap   total 1683456K, used 597826K [0x0000000600000000, 0x0000000800000000)
  region size 4096K, 69 young (282624K), 3 survivors (12288K)
 Metaspace       used 189296K, committed 191040K, reserved 1245184K
  class space    used 24027K, committed 24896K, reserved 1048576K
}
Event: 1231.889 GC heap after
{Heap after GC invocations=60 (full 0):
 garbage-first heap   total 1683456K, used 332910K [0x0000000600000000, 0x0000000800000000)
  region size 4096K, 4 young (16384K), 4 survivors (16384K)
 Metaspace       used 189296K, committed 191040K, reserved 1245184K
  class space    used 24027K, committed 24896K, reserved 1048576K
}
Event: 1235.611 GC heap before
{Heap before GC invocations=60 (full 0):
 garbage-first heap   total 1683456K, used 664686K [0x0000000600000000, 0x0000000800000000)
  region size 4096K, 86 young (352256K), 4 survivors (16384K)
 Metaspace       used 189671K, committed 191488K, reserved 1245184K
  class space    used 24054K, committed 24896K, reserved 1048576K
}
Event: 1235.663 GC heap after
{Heap after GC invocations=61 (full 0):
 garbage-first heap   total 1683456K, used 345769K [0x0000000600000000, 0x0000000800000000)
  region size 4096K, 7 young (28672K), 7 survivors (28672K)
 Metaspace       used 189671K, committed 191488K, reserved 1245184K
  class space    used 24054K, committed 24896K, reserved 1048576K
}
Event: 1241.146 GC heap before
{Heap before GC invocations=61 (full 0):
 garbage-first heap   total 1683456K, used 575145K [0x0000000600000000, 0x0000000800000000)
  region size 4096K, 64 young (262144K), 7 survivors (28672K)
 Metaspace       used 190355K, committed 192256K, reserved 1245184K
  class space    used 24078K, committed 24960K, reserved 1048576K
}
Event: 1241.222 GC heap after
{Heap after GC invocations=62 (full 0):
 garbage-first heap   total 1683456K, used 346857K [0x0000000600000000, 0x0000000800000000)
  region size 4096K, 4 young (16384K), 4 survivors (16384K)
 Metaspace       used 190355K, committed 192256K, reserved 1245184K
  class space    used 24078K, committed 24960K, reserved 1048576K
}
Event: 1263.724 GC heap before
{Heap before GC invocations=62 (full 0):
 garbage-first heap   total 1683456K, used 928489K [0x0000000600000000, 0x0000000800000000)
  region size 4096K, 147 young (602112K), 4 survivors (16384K)
 Metaspace       used 199015K, committed 201024K, reserved 1245184K
  class space    used 25205K, committed 26176K, reserved 1048576K
}
Event: 1263.832 GC heap after
{Heap after GC invocations=63 (full 0):
 garbage-first heap   total 1683456K, used 361503K [0x0000000600000000, 0x0000000800000000)
  region size 4096K, 10 young (40960K), 10 survivors (40960K)
 Metaspace       used 199015K, committed 201024K, reserved 1245184K
  class space    used 25205K, committed 26176K, reserved 1048576K
}
Event: 1302.805 GC heap before
{Heap before GC invocations=63 (full 0):
 garbage-first heap   total 1683456K, used 578591K [0x0000000600000000, 0x0000000800000000)
  region size 4096K, 63 young (258048K), 10 survivors (40960K)
 Metaspace       used 205905K, committed 208064K, reserved 1245184K
  class space    used 26118K, committed 27136K, reserved 1048576K
}
Event: 1302.991 GC heap after
{Heap after GC invocations=64 (full 0):
 garbage-first heap   total 1683456K, used 375149K [0x0000000600000000, 0x0000000800000000)
  region size 4096K, 4 young (16384K), 4 survivors (16384K)
 Metaspace       used 205905K, committed 208064K, reserved 1245184K
  class space    used 26118K, committed 27136K, reserved 1048576K
}
Event: 1382.987 GC heap before
{Heap before GC invocations=64 (full 0):
 garbage-first heap   total 1683456K, used 1173869K [0x0000000600000000, 0x0000000800000000)
  region size 4096K, 199 young (815104K), 4 survivors (16384K)
 Metaspace       used 209334K, committed 211520K, reserved 1245184K
  class space    used 26524K, committed 27584K, reserved 1048576K
}
Event: 1383.244 GC heap after
{Heap after GC invocations=65 (full 0):
 garbage-first heap   total 1683456K, used 432302K [0x0000000600000000, 0x0000000800000000)
  region size 4096K, 18 young (73728K), 18 survivors (73728K)
 Metaspace       used 209334K, committed 211520K, reserved 1245184K
  class space    used 26524K, committed 27584K, reserved 1048576K
}
Event: 1386.353 GC heap before
{Heap before GC invocations=65 (full 0):
 garbage-first heap   total 1683456K, used 538798K [0x0000000600000000, 0x0000000800000000)
  region size 4096K, 44 young (180224K), 18 survivors (73728K)
 Metaspace       used 209422K, committed 211584K, reserved 1245184K
  class space    used 26526K, committed 27584K, reserved 1048576K
}
Event: 1386.508 GC heap after
{Heap after GC invocations=66 (full 0):
 garbage-first heap   total 1683456K, used 448071K [0x0000000600000000, 0x0000000800000000)
  region size 4096K, 4 young (16384K), 4 survivors (16384K)
 Metaspace       used 209422K, committed 211584K, reserved 1245184K
  class space    used 26526K, committed 27584K, reserved 1048576K
}

