# JRE version: OpenJDK Runtime Environment Microsoft-13106358 (17.0.18+8) (build 17.0.18+8-LTS)
# Java VM: OpenJDK 64-Bit Server VM Microsoft-13106358 (17.0.18+8-LTS, mixed mode, sharing, tiered, compressed oops, compressed class ptrs, g1 gc, windows-amd64)
GC Precious Log:
 CPUs: 8 total, 8 available
 Memory: 7975M
 Large Page Support: Disabled
 NUMA Support: Disabled
 Compressed Oops: Enabled (Zero based)
 Heap Region Size: 2M
 Heap Min Capacity: 8M
 Heap Initial Capacity: 126M
 Heap Max Capacity: 3G
 Pre-touch: Disabled
 Parallel Workers: 8
 Concurrent Workers: 2
 Concurrent Refinement Workers: 8
 Periodic GC: Disabled
Heap:
 garbage-first heap   total 399360K, used 223191K [0x0000000740000000, 0x0000000800000000)
  region size 2048K, 2 young (4096K), 2 survivors (4096K)
 Metaspace       used 167130K, committed 168512K, reserved 1048576K
  class space    used 21955K, committed 22592K, reserved 851968K
GC Heap History (20 events):
Event: 62.398 GC heap after
{Heap after GC invocations=53 (full 0):
 garbage-first heap   total 325632K, used 181022K [0x0000000740000000, 0x0000000800000000)
  region size 2048K, 4 young (8192K), 4 survivors (8192K)
 Metaspace       used 152553K, committed 153600K, reserved 1048576K
  class space    used 19892K, committed 20352K, reserved 851968K
}
Event: 65.739 GC heap before
{Heap before GC invocations=53 (full 0):
 garbage-first heap   total 325632K, used 273182K [0x0000000740000000, 0x0000000800000000)
  region size 2048K, 49 young (100352K), 4 survivors (8192K)
 Metaspace       used 159247K, committed 160320K, reserved 1048576K
  class space    used 20922K, committed 21440K, reserved 851968K
}
Event: 65.752 GC heap after
{Heap after GC invocations=54 (full 0):
 garbage-first heap   total 325632K, used 183678K [0x0000000740000000, 0x0000000800000000)
  region size 2048K, 5 young (10240K), 5 survivors (10240K)
 Metaspace       used 159247K, committed 160320K, reserved 1048576K
  class space    used 20922K, committed 21440K, reserved 851968K
}
Event: 68.718 GC heap before
{Heap before GC invocations=54 (full 0):
 garbage-first heap   total 325632K, used 275838K [0x0000000740000000, 0x0000000800000000)
  region size 2048K, 50 young (102400K), 5 survivors (10240K)
 Metaspace       used 162516K, committed 163648K, reserved 1048576K
  class space    used 21345K, committed 21888K, reserved 851968K
}
Event: 68.732 GC heap after
{Heap after GC invocations=55 (full 0):
 garbage-first heap   total 325632K, used 192758K [0x0000000740000000, 0x0000000800000000)
  region size 2048K, 7 young (14336K), 7 survivors (14336K)
 Metaspace       used 162516K, committed 163648K, reserved 1048576K
  class space    used 21345K, committed 21888K, reserved 851968K
}
Event: 69.148 GC heap before
{Heap before GC invocations=55 (full 0):
 garbage-first heap   total 325632K, used 270582K [0x0000000740000000, 0x0000000800000000)
  region size 2048K, 46 young (94208K), 7 survivors (14336K)
 Metaspace       used 162540K, committed 163712K, reserved 1048576K
  class space    used 21345K, committed 21888K, reserved 851968K
}
Event: 69.164 GC heap after
{Heap after GC invocations=56 (full 0):
 garbage-first heap   total 325632K, used 195656K [0x0000000740000000, 0x0000000800000000)
  region size 2048K, 3 young (6144K), 3 survivors (6144K)
 Metaspace       used 162540K, committed 163712K, reserved 1048576K
  class space    used 21345K, committed 21888K, reserved 851968K
}
Event: 70.412 GC heap before
{Heap before GC invocations=56 (full 0):
 garbage-first heap   total 325632K, used 275528K [0x0000000740000000, 0x0000000800000000)
  region size 2048K, 42 young (86016K), 3 survivors (6144K)
 Metaspace       used 163210K, committed 164480K, reserved 1048576K
  class space    used 21437K, committed 22016K, reserved 851968K
}
Event: 70.419 GC heap after
{Heap after GC invocations=57 (full 0):
 garbage-first heap   total 325632K, used 202173K [0x0000000740000000, 0x0000000800000000)
  region size 2048K, 6 young (12288K), 6 survivors (12288K)
 Metaspace       used 163210K, committed 164480K, reserved 1048576K
  class space    used 21437K, committed 22016K, reserved 851968K
}
Event: 73.527 GC heap before
{Heap before GC invocations=57 (full 0):
 garbage-first heap   total 325632K, used 267709K [0x0000000740000000, 0x0000000800000000)
  region size 2048K, 39 young (79872K), 6 survivors (12288K)
 Metaspace       used 164450K, committed 165760K, reserved 1048576K
  class space    used 21634K, committed 22272K, reserved 851968K
}
Event: 73.538 GC heap after
{Heap after GC invocations=58 (full 0):
 garbage-first heap   total 325632K, used 210148K [0x0000000740000000, 0x0000000800000000)
  region size 2048K, 5 young (10240K), 5 survivors (10240K)
 Metaspace       used 164450K, committed 165760K, reserved 1048576K
  class space    used 21634K, committed 22272K, reserved 851968K
}
Event: 73.763 GC heap before
{Heap before GC invocations=58 (full 0):
 garbage-first heap   total 325632K, used 269540K [0x0000000740000000, 0x0000000800000000)
  region size 2048K, 34 young (69632K), 5 survivors (10240K)
 Metaspace       used 164452K, committed 165760K, reserved 1048576K
  class space    used 21634K, committed 22272K, reserved 851968K
}
Event: 73.773 GC heap after
{Heap after GC invocations=59 (full 0):
 garbage-first heap   total 325632K, used 213617K [0x0000000740000000, 0x0000000800000000)
  region size 2048K, 3 young (6144K), 3 survivors (6144K)
 Metaspace       used 164452K, committed 165760K, reserved 1048576K
  class space    used 21634K, committed 22272K, reserved 851968K
}
Event: 74.001 GC heap before
{Heap before GC invocations=59 (full 0):
 garbage-first heap   total 325632K, used 270961K [0x0000000740000000, 0x0000000800000000)
  region size 2048K, 32 young (65536K), 3 survivors (6144K)
 Metaspace       used 164453K, committed 165760K, reserved 1048576K
  class space    used 21634K, committed 22272K, reserved 851968K
}
Event: 74.006 GC heap after
{Heap after GC invocations=60 (full 0):
 garbage-first heap   total 325632K, used 215063K [0x0000000740000000, 0x0000000800000000)
  region size 2048K, 3 young (6144K), 3 survivors (6144K)
 Metaspace       used 164453K, committed 165760K, reserved 1048576K
  class space    used 21634K, committed 22272K, reserved 851968K
}
Event: 76.743 GC heap before
{Heap before GC invocations=60 (full 0):
 garbage-first heap   total 325632K, used 272407K [0x0000000740000000, 0x0000000800000000)
  region size 2048K, 32 young (65536K), 3 survivors (6144K)
 Metaspace       used 166572K, committed 167872K, reserved 1048576K
  class space    used 21878K, committed 22528K, reserved 851968K
}
Event: 76.752 GC heap after
{Heap after GC invocations=61 (full 0):
 garbage-first heap   total 325632K, used 224182K [0x0000000740000000, 0x0000000800000000)
  region size 2048K, 4 young (8192K), 4 survivors (8192K)
 Metaspace       used 166572K, committed 167872K, reserved 1048576K
  class space    used 21878K, committed 22528K, reserved 851968K
}
Event: 77.488 GC heap before
{Heap before GC invocations=62 (full 0):
 garbage-first heap   total 399360K, used 263094K [0x0000000740000000, 0x0000000800000000)
  region size 2048K, 23 young (47104K), 4 survivors (8192K)
 Metaspace       used 167076K, committed 168512K, reserved 1048576K
  class space    used 21949K, committed 22592K, reserved 851968K
}
Event: 77.499 GC heap after
{Heap after GC invocations=63 (full 0):
 garbage-first heap   total 399360K, used 232837K [0x0000000740000000, 0x0000000800000000)
  region size 2048K, 3 young (6144K), 3 survivors (6144K)
 Metaspace       used 167076K, committed 168512K, reserved 1048576K
  class space    used 21949K, committed 22592K, reserved 851968K
}
Event: 77.683 GC heap before
{Heap before GC invocations=63 (full 0):
 garbage-first heap   total 399360K, used 245125K [0x0000000740000000, 0x0000000800000000)
  region size 2048K, 9 young (18432K), 3 survivors (6144K)
 Metaspace       used 167130K, committed 168512K, reserved 1048576K
  class space    used 21955K, committed 22592K, reserved 851968K
}

