# JRE version: OpenJDK Runtime Environment Microsoft-13106358 (17.0.18+8) (build 17.0.18+8-LTS)
# Java VM: OpenJDK 64-Bit Server VM Microsoft-13106358 (17.0.18+8-LTS, mixed mode, sharing, tiered, compressed oops, compressed class ptrs, g1 gc, windows-amd64)
GC Precious Log:
 CPUs: 8 total, 8 available
 Memory: 7975M
 Large Page Support: Disabled
 NUMA Support: Disabled
 Compressed Oops: Enabled (Zero based)
 Heap Region Size: 2M
 Heap Min Capacity: 8M
 Heap Initial Capacity: 126M
 Heap Max Capacity: 3G
 Pre-touch: Disabled
 Parallel Workers: 8
 Concurrent Workers: 2
 Concurrent Refinement Workers: 8
 Periodic GC: Disabled
Heap:
 garbage-first heap   total 643072K, used 461918K [0x0000000740000000, 0x0000000800000000)
  region size 2048K, 88 young (180224K), 14 survivors (28672K)
 Metaspace       used 168785K, committed 170624K, reserved 1048576K
  class space    used 22328K, committed 23168K, reserved 851968K
GC Heap History (20 events):
Event: 67.167 GC heap before
{Heap before GC invocations=38 (full 0):
 garbage-first heap   total 643072K, used 480207K [0x0000000740000000, 0x0000000800000000)
  region size 2048K, 159 young (325632K), 13 survivors (26624K)
 Metaspace       used 159856K, committed 161024K, reserved 1048576K
  class space    used 21058K, committed 21632K, reserved 851968K
}
Event: 67.194 GC heap after
{Heap after GC invocations=39 (full 0):
 garbage-first heap   total 643072K, used 192678K [0x0000000740000000, 0x0000000800000000)
  region size 2048K, 16 young (32768K), 16 survivors (32768K)
 Metaspace       used 159856K, committed 161024K, reserved 1048576K
  class space    used 21058K, committed 21632K, reserved 851968K
}
Event: 72.547 GC heap before
{Heap before GC invocations=39 (full 0):
 garbage-first heap   total 643072K, used 495782K [0x0000000740000000, 0x0000000800000000)
  region size 2048K, 164 young (335872K), 16 survivors (32768K)
 Metaspace       used 162036K, committed 163328K, reserved 1048576K
  class space    used 21351K, committed 21952K, reserved 851968K
}
Event: 72.580 GC heap after
{Heap after GC invocations=40 (full 0):
 garbage-first heap   total 643072K, used 217767K [0x0000000740000000, 0x0000000800000000)
  region size 2048K, 17 young (34816K), 17 survivors (34816K)
 Metaspace       used 162036K, committed 163328K, reserved 1048576K
  class space    used 21351K, committed 21952K, reserved 851968K
}
Event: 76.006 GC heap before
{Heap before GC invocations=40 (full 0):
 garbage-first heap   total 643072K, used 385703K [0x0000000740000000, 0x0000000800000000)
  region size 2048K, 101 young (206848K), 17 survivors (34816K)
 Metaspace       used 164529K, committed 165888K, reserved 1048576K
  class space    used 21644K, committed 22272K, reserved 851968K
}
Event: 76.034 GC heap after
{Heap after GC invocations=41 (full 0):
 garbage-first heap   total 643072K, used 232892K [0x0000000740000000, 0x0000000800000000)
  region size 2048K, 11 young (22528K), 11 survivors (22528K)
 Metaspace       used 164529K, committed 165888K, reserved 1048576K
  class space    used 21644K, committed 22272K, reserved 851968K
}
Event: 82.005 GC heap before
{Heap before GC invocations=42 (full 0):
 garbage-first heap   total 643072K, used 511420K [0x0000000740000000, 0x0000000800000000)
  region size 2048K, 146 young (299008K), 11 survivors (22528K)
 Metaspace       used 164900K, committed 166272K, reserved 1048576K
  class space    used 21696K, committed 22336K, reserved 851968K
}
Event: 82.033 GC heap after
{Heap after GC invocations=43 (full 0):
 garbage-first heap   total 643072K, used 258048K [0x0000000740000000, 0x0000000800000000)
  region size 2048K, 19 young (38912K), 19 survivors (38912K)
 Metaspace       used 164900K, committed 166272K, reserved 1048576K
  class space    used 21696K, committed 22336K, reserved 851968K
}
Event: 82.045 GC heap before
{Heap before GC invocations=43 (full 0):
 garbage-first heap   total 643072K, used 258048K [0x0000000740000000, 0x0000000800000000)
  region size 2048K, 20 young (40960K), 19 survivors (38912K)
 Metaspace       used 164900K, committed 166272K, reserved 1048576K
  class space    used 21696K, committed 22336K, reserved 851968K
}
Event: 82.074 GC heap after
{Heap after GC invocations=44 (full 0):
 garbage-first heap   total 643072K, used 261486K [0x0000000740000000, 0x0000000800000000)
  region size 2048K, 3 young (6144K), 3 survivors (6144K)
 Metaspace       used 164900K, committed 166272K, reserved 1048576K
  class space    used 21696K, committed 22336K, reserved 851968K
}
Event: 83.843 GC heap before
{Heap before GC invocations=44 (full 0):
 garbage-first heap   total 643072K, used 509294K [0x0000000740000000, 0x0000000800000000)
  region size 2048K, 125 young (256000K), 3 survivors (6144K)
 Metaspace       used 165263K, committed 166784K, reserved 1048576K
  class space    used 21756K, committed 22464K, reserved 851968K
}
Event: 83.858 GC heap after
{Heap after GC invocations=45 (full 0):
 garbage-first heap   total 643072K, used 272117K [0x0000000740000000, 0x0000000800000000)
  region size 2048K, 8 young (16384K), 8 survivors (16384K)
 Metaspace       used 165263K, committed 166784K, reserved 1048576K
  class space    used 21756K, committed 22464K, reserved 851968K
}
Event: 85.869 GC heap before
{Heap before GC invocations=45 (full 0):
 garbage-first heap   total 643072K, used 513781K [0x0000000740000000, 0x0000000800000000)
  region size 2048K, 127 young (260096K), 8 survivors (16384K)
 Metaspace       used 165625K, committed 167168K, reserved 1048576K
  class space    used 21815K, committed 22528K, reserved 851968K
}
Event: 85.891 GC heap after
{Heap after GC invocations=46 (full 0):
 garbage-first heap   total 643072K, used 282517K [0x0000000740000000, 0x0000000800000000)
  region size 2048K, 13 young (26624K), 13 survivors (26624K)
 Metaspace       used 165625K, committed 167168K, reserved 1048576K
  class space    used 21815K, committed 22528K, reserved 851968K
}
Event: 87.700 GC heap before
{Heap before GC invocations=46 (full 0):
 garbage-first heap   total 643072K, used 518037K [0x0000000740000000, 0x0000000800000000)
  region size 2048K, 129 young (264192K), 13 survivors (26624K)
 Metaspace       used 165875K, committed 167424K, reserved 1048576K
  class space    used 21860K, committed 22592K, reserved 851968K
}
Event: 87.733 GC heap after
{Heap after GC invocations=47 (full 0):
 garbage-first heap   total 643072K, used 291408K [0x0000000740000000, 0x0000000800000000)
  region size 2048K, 12 young (24576K), 12 survivors (24576K)
 Metaspace       used 165875K, committed 167424K, reserved 1048576K
  class space    used 21860K, committed 22592K, reserved 851968K
}
Event: 89.783 GC heap before
{Heap before GC invocations=47 (full 0):
 garbage-first heap   total 643072K, used 522832K [0x0000000740000000, 0x0000000800000000)
  region size 2048K, 126 young (258048K), 12 survivors (24576K)
 Metaspace       used 166370K, committed 168128K, reserved 1048576K
  class space    used 21929K, committed 22720K, reserved 851968K
}
Event: 89.811 GC heap after
{Heap after GC invocations=48 (full 0):
 garbage-first heap   total 643072K, used 303074K [0x0000000740000000, 0x0000000800000000)
  region size 2048K, 12 young (24576K), 12 survivors (24576K)
 Metaspace       used 166370K, committed 168128K, reserved 1048576K
  class space    used 21929K, committed 22720K, reserved 851968K
}
Event: 91.886 GC heap before
{Heap before GC invocations=48 (full 0):
 garbage-first heap   total 643072K, used 526306K [0x0000000740000000, 0x0000000800000000)
  region size 2048K, 122 young (249856K), 12 survivors (24576K)
 Metaspace       used 166707K, committed 168448K, reserved 1048576K
  class space    used 21976K, committed 22784K, reserved 851968K
}
Event: 91.912 GC heap after
{Heap after GC invocations=49 (full 0):
 garbage-first heap   total 643072K, used 314462K [0x0000000740000000, 0x0000000800000000)
  region size 2048K, 14 young (28672K), 14 survivors (28672K)
 Metaspace       used 166707K, committed 168448K, reserved 1048576K
  class space    used 21976K, committed 22784K, reserved 851968K
}

